1493445670757	geckodriver	INFO	Listening on 127.0.0.1:42345
1493445671905	geckodriver::marionette	INFO	Starting browser /usr/lib/firefox/firefox.sh with args ["-marionette"]
1493445680480	Marionette	INFO	Listening on port 46349
1493445680547	Marionette	WARN	TLS certificate errors will be ignored for this session
1493445681342	Marionette	INFO	New connections will no longer be accepted
[Child 6642] WARNING: pipe error (30): Connection reset by peer: file /build/firefox-4Fdt0Z/firefox-53.0+build6/ipc/chromium/src/chrome/common/ipc_channel_posix.cc, line 346
[Child 6642] WARNING: pipe error (19): Connection reset by peer: file /build/firefox-4Fdt0Z/firefox-53.0+build6/ipc/chromium/src/chrome/common/ipc_channel_posix.cc, line 346
[Child 6642] WARNING: pipe error (3): Connection reset by peer: file /build/firefox-4Fdt0Z/firefox-53.0+build6/ipc/chromium/src/chrome/common/ipc_channel_posix.cc, line 346
1493445847786	geckodriver	INFO	Listening on 127.0.0.1:42645
1493445848870	geckodriver::marionette	INFO	Starting browser /usr/lib/firefox/firefox.sh with args ["-marionette"]
1493445855678	Marionette	INFO	Listening on port 38613
1493445856000	Marionette	WARN	TLS certificate errors will be ignored for this session
1493445856519	Marionette	INFO	New connections will no longer be accepted
[Child 6815] WARNING: pipe error (3): Connection reset by peer: file /build/firefox-4Fdt0Z/firefox-53.0+build6/ipc/chromium/src/chrome/common/ipc_channel_posix.cc, line 346
1493445913963	geckodriver	INFO	Listening on 127.0.0.1:53057
1493445915054	geckodriver::marionette	INFO	Starting browser /usr/lib/firefox/firefox.sh with args ["-marionette"]
1493445920388	Marionette	INFO	Listening on port 39149
1493445920575	Marionette	WARN	TLS certificate errors will be ignored for this session
1493445953233	Marionette	INFO	New connections will no longer be accepted
[Child 6951] WARNING: pipe error (3): Connection reset by peer: file /build/firefox-4Fdt0Z/firefox-53.0+build6/ipc/chromium/src/chrome/common/ipc_channel_posix.cc, line 346
1493446446380	geckodriver	INFO	Listening on 127.0.0.1:50195
1493446447460	geckodriver::marionette	INFO	Starting browser /usr/lib/firefox/firefox.sh with args ["-marionette"]
1493446453892	Marionette	INFO	Listening on port 44853
1493446454053	Marionette	WARN	TLS certificate errors will be ignored for this session
1493446454501	Marionette	INFO	New connections will no longer be accepted
[Child 7277] WARNING: pipe error (18): Connection reset by peer: file /build/firefox-4Fdt0Z/firefox-53.0+build6/ipc/chromium/src/chrome/common/ipc_channel_posix.cc, line 346
[Child 7277] WARNING: pipe error (3): Connection reset by peer: file /build/firefox-4Fdt0Z/firefox-53.0+build6/ipc/chromium/src/chrome/common/ipc_channel_posix.cc, line 346
1493446522531	geckodriver	INFO	Listening on 127.0.0.1:55391
1493446523610	geckodriver::marionette	INFO	Starting browser /usr/lib/firefox/firefox.sh with args ["-marionette"]
1493446528472	Marionette	INFO	Listening on port 39927
1493446528614	Marionette	WARN	TLS certificate errors will be ignored for this session
1493446529796	Marionette	INFO	New connections will no longer be accepted
1493446683401	geckodriver	INFO	Listening on 127.0.0.1:53295
1493446684488	geckodriver::marionette	INFO	Starting browser /usr/lib/firefox/firefox.sh with args ["-marionette"]
1493446689736	Marionette	INFO	Listening on port 36477
1493446690033	Marionette	WARN	TLS certificate errors will be ignored for this session
1493446724731	Marionette	INFO	New connections will no longer be accepted
[Child 7590] WARNING: pipe error (18): Connection reset by peer: file /build/firefox-4Fdt0Z/firefox-53.0+build6/ipc/chromium/src/chrome/common/ipc_channel_posix.cc, line 346
1493447274495	geckodriver	INFO	Listening on 127.0.0.1:42003
1493447275563	geckodriver::marionette	INFO	Starting browser /usr/lib/firefox/firefox.sh with args ["-marionette"]
1493447278252	Marionette	INFO	Listening on port 42639
1493447278500	Marionette	WARN	TLS certificate errors will be ignored for this session
*************************
A coding exception was thrown and uncaught in a Task.

Full message: TypeError: can't access dead object
Full stack: find_@chrome://marionette/content/element.js:290:7
element.find/</findElements<@chrome://marionette/content/element.js:256:17
evalFn@chrome://marionette/content/wait.js:70:7

*************************
*************************
A coding exception was thrown and uncaught in a Task.

Full message: TypeError: can't access dead object
Full stack: find_@chrome://marionette/content/element.js:290:7
element.find/</findElements<@chrome://marionette/content/element.js:256:17
evalFn@chrome://marionette/content/wait.js:70:7

*************************
Marionette threw an error: [Exception... "Component returned failure code: 0x80070057 (NS_ERROR_ILLEGAL_VALUE) [nsIMessageSender.sendAsyncMessage]"  nsresult: "0x80070057 (NS_ERROR_ILLEGAL_VALUE)"  location: "JS frame :: chrome://marionette/content/proxy.js :: sendReply_ :: line 195"  data: no]
sendReply_@chrome://marionette/content/proxy.js:195:5
reply@chrome://marionette/content/proxy.js:175:7
sendToServer@chrome://marionette/content/listener.js:616:3
sendError@chrome://marionette/content/listener.js:650:3
dispatch/</<@chrome://marionette/content/listener.js:379:40
process@resource://gre/modules/Promise.jsm -> resource://gre/modules/Promise-backend.js:920:21
walkerLoop@resource://gre/modules/Promise.jsm -> resource://gre/modules/Promise-backend.js:801:7
scheduleWalkerLoop/<@resource://gre/modules/Promise.jsm -> resource://gre/modules/Promise-backend.js:737:11

1493447361186	geckodriver	INFO	Listening on 127.0.0.1:42663
1493447362262	geckodriver::marionette	INFO	Starting browser /usr/lib/firefox/firefox.sh with args ["-marionette"]
1493447364847	Marionette	INFO	Listening on port 33767
1493447365073	Marionette	WARN	TLS certificate errors will be ignored for this session
1493447398410	Marionette	INFO	New connections will no longer be accepted
[GFX1-]: Receive IPC close with reason=AbnormalShutdown
[Child 11455] WARNING: pipe error (3): Connection reset by peer: file /build/firefox-4Fdt0Z/firefox-53.0+build6/ipc/chromium/src/chrome/common/ipc_channel_posix.cc, line 346
1493447411751	geckodriver	INFO	Listening on 127.0.0.1:35565
1493447412828	geckodriver::marionette	INFO	Starting browser /usr/lib/firefox/firefox.sh with args ["-marionette"]
1493447415559	Marionette	INFO	Listening on port 46045
1493447415750	Marionette	WARN	TLS certificate errors will be ignored for this session
1493447448907	Marionette	INFO	New connections will no longer be accepted
[GFX1-]: Receive IPC close with reason=AbnormalShutdown
[Child 11575] WARNING: pipe error (3): Connection reset by peer: file /build/firefox-4Fdt0Z/firefox-53.0+build6/ipc/chromium/src/chrome/common/ipc_channel_posix.cc, line 346
1493449041112	geckodriver	INFO	Listening on 127.0.0.1:43477
1493449042186	geckodriver::marionette	INFO	Starting browser /usr/lib/firefox/firefox.sh with args ["-marionette"]
1493449045233	Marionette	INFO	Listening on port 36637
1493449045456	Marionette	WARN	TLS certificate errors will be ignored for this session
1493449072883	Marionette	INFO	New connections will no longer be accepted
[GFX1-]: Receive IPC close with reason=AbnormalShutdown
[Child 13030] WARNING: pipe error (3): Connection reset by peer: file /build/firefox-4Fdt0Z/firefox-53.0+build6/ipc/chromium/src/chrome/common/ipc_channel_posix.cc, line 346
1493449108291	geckodriver	INFO	Listening on 127.0.0.1:40805
1493449109357	geckodriver::marionette	INFO	Starting browser /usr/lib/firefox/firefox.sh with args ["-marionette"]
1493449111757	Marionette	INFO	Listening on port 44193
1493449111968	Marionette	WARN	TLS certificate errors will be ignored for this session
1493449117745	Marionette	INFO	New connections will no longer be accepted
[GFX1-]: Receive IPC close with reason=AbnormalShutdown
[Child 13156] WARNING: pipe error (3): Connection reset by peer: file /build/firefox-4Fdt0Z/firefox-53.0+build6/ipc/chromium/src/chrome/common/ipc_channel_posix.cc, line 346
1493449462312	geckodriver	INFO	Listening on 127.0.0.1:46677
1493449463406	geckodriver::marionette	INFO	Starting browser /usr/lib/firefox/firefox.sh with args ["-marionette"]
1493449466170	Marionette	INFO	Listening on port 41429
1493449466399	Marionette	WARN	TLS certificate errors will be ignored for this session
1493449473750	Marionette	INFO	New connections will no longer be accepted
[Child 13321] WARNING: pipe error (14): Connection reset by peer: file /build/firefox-4Fdt0Z/firefox-53.0+build6/ipc/chromium/src/chrome/common/ipc_channel_posix.cc, line 346
[GFX1-]: Receive IPC close with reason=AbnormalShutdown
[Child 13321] WARNING: pipe error (3): Connection reset by peer: file /build/firefox-4Fdt0Z/firefox-53.0+build6/ipc/chromium/src/chrome/common/ipc_channel_posix.cc, line 346
1493449744761	geckodriver	INFO	Listening on 127.0.0.1:46793
1493449745837	geckodriver::marionette	INFO	Starting browser /usr/lib/firefox/firefox.sh with args ["-marionette"]
1493449748623	Marionette	INFO	Listening on port 33881
1493449748829	Marionette	WARN	TLS certificate errors will be ignored for this session
1493449780722	Marionette	INFO	New connections will no longer be accepted
[GFX1-]: Receive IPC close with reason=AbnormalShutdown
[Child 13484] WARNING: pipe error (3): Connection reset by peer: file /build/firefox-4Fdt0Z/firefox-53.0+build6/ipc/chromium/src/chrome/common/ipc_channel_posix.cc, line 346
1493449853550	geckodriver	INFO	Listening on 127.0.0.1:48727
1493449854623	geckodriver::marionette	INFO	Starting browser /usr/lib/firefox/firefox.sh with args ["-marionette"]
1493449857287	Marionette	INFO	Listening on port 37943
1493449857500	Marionette	WARN	TLS certificate errors will be ignored for this session
1493449864497	Marionette	INFO	New connections will no longer be accepted
[Child 13625] WARNING: pipe error (14): Connection reset by peer: file /build/firefox-4Fdt0Z/firefox-53.0+build6/ipc/chromium/src/chrome/common/ipc_channel_posix.cc, line 346

###!!! [Child][MessageChannel::SendAndWait] Error: Channel error: cannot send/recv


###!!! [Child][MessageChannel] Error: (msgtype=0x880008,name=PLayerTransaction::Msg_ReleaseCompositable) Channel error: cannot send/recv


###!!! [Child][MessageChannel] Error: (msgtype=0x880007,name=PLayerTransaction::Msg_ReleaseLayer) Channel error: cannot send/recv


###!!! [Child][RunMessage] Error: Channel error: cannot send/recv


###!!! [Child][RunMessage] Error: Channel error: cannot send/recv

[Child 13625] WARNING: pipe error (29): Connection reset by peer: file /build/firefox-4Fdt0Z/firefox-53.0+build6/ipc/chromium/src/chrome/common/ipc_channel_posix.cc, line 346
[Child 13625] WARNING: pipe error (3): Connection reset by peer: file /build/firefox-4Fdt0Z/firefox-53.0+build6/ipc/chromium/src/chrome/common/ipc_channel_posix.cc, line 346
1493450038485	geckodriver	INFO	Listening on 127.0.0.1:55123
1493450039540	geckodriver::marionette	INFO	Starting browser /usr/lib/firefox/firefox.sh with args ["-marionette"]
1493450043007	Marionette	INFO	Listening on port 40517
1493450043283	Marionette	WARN	TLS certificate errors will be ignored for this session
*************************
A coding exception was thrown and uncaught in a Task.

Full message: TypeError: can't access dead object
Full stack: find_@chrome://marionette/content/element.js:290:7
element.find/</findElements<@chrome://marionette/content/element.js:256:17
evalFn@chrome://marionette/content/wait.js:70:7

*************************
*************************
A coding exception was thrown and uncaught in a Task.

Full message: TypeError: can't access dead object
Full stack: find_@chrome://marionette/content/element.js:290:7
element.find/</findElements<@chrome://marionette/content/element.js:256:17
evalFn@chrome://marionette/content/wait.js:70:7

*************************
Marionette threw an error: [Exception... "Component returned failure code: 0x80070057 (NS_ERROR_ILLEGAL_VALUE) [nsIMessageSender.sendAsyncMessage]"  nsresult: "0x80070057 (NS_ERROR_ILLEGAL_VALUE)"  location: "JS frame :: chrome://marionette/content/proxy.js :: sendReply_ :: line 195"  data: no]
sendReply_@chrome://marionette/content/proxy.js:195:5
reply@chrome://marionette/content/proxy.js:175:7
sendToServer@chrome://marionette/content/listener.js:616:3
sendError@chrome://marionette/content/listener.js:650:3
dispatch/</<@chrome://marionette/content/listener.js:379:40
process@resource://gre/modules/Promise.jsm -> resource://gre/modules/Promise-backend.js:920:21
walkerLoop@resource://gre/modules/Promise.jsm -> resource://gre/modules/Promise-backend.js:801:7
scheduleWalkerLoop/<@resource://gre/modules/Promise.jsm -> resource://gre/modules/Promise-backend.js:737:11

1493450345554	geckodriver	INFO	Listening on 127.0.0.1:36139
1493450346649	geckodriver::marionette	INFO	Starting browser /usr/lib/firefox/firefox.sh with args ["-marionette"]
1493450350178	Marionette	INFO	Listening on port 38057
1493450350430	Marionette	WARN	TLS certificate errors will be ignored for this session
1493450355914	Marionette	INFO	New connections will no longer be accepted
[Child 14140] WARNING: pipe error (14): Connection reset by peer: file /build/firefox-4Fdt0Z/firefox-53.0+build6/ipc/chromium/src/chrome/common/ipc_channel_posix.cc, line 346

###!!! [Child][MessageChannel::SendAndWait] Error: Channel error: cannot send/recv


###!!! [Child][MessageChannel] Error: (msgtype=0x880008,name=PLayerTransaction::Msg_ReleaseCompositable) Channel error: cannot send/recv


###!!! [Child][MessageChannel] Error: (msgtype=0x880007,name=PLayerTransaction::Msg_ReleaseLayer) Channel error: cannot send/recv


###!!! [Child][MessageChannel] Error: (msgtype=0xDA0003,name=PTexture::Msg_Destroy) Channel error: cannot send/recv


###!!! [Child][MessageChannel] Error: (msgtype=0xDA0003,name=PTexture::Msg_Destroy) Channel error: cannot send/recv


###!!! [Child][MessageChannel] Error: (msgtype=0x880008,name=PLayerTransaction::Msg_ReleaseCompositable) Channel error: cannot send/recv


###!!! [Child][MessageChannel] Error: (msgtype=0x880007,name=PLayerTransaction::Msg_ReleaseLayer) Channel error: cannot send/recv


###!!! [Child][MessageChannel] Error: (msgtype=0x880007,name=PLayerTransaction::Msg_ReleaseLayer) Channel error: cannot send/recv


###!!! [Child][RunMessage] Error: Channel error: cannot send/recv


###!!! [Child][RunMessage] Error: Channel error: cannot send/recv


###!!! [Child][RunMessage] Error: Channel error: cannot send/recv


###!!! [Child][RunMessage] Error: Channel error: cannot send/recv

[Child 14140] WARNING: pipe error (3): Connection reset by peer: file /build/firefox-4Fdt0Z/firefox-53.0+build6/ipc/chromium/src/chrome/common/ipc_channel_posix.cc, line 346
1493450419810	geckodriver	INFO	Listening on 127.0.0.1:58681
1493450420871	geckodriver::marionette	INFO	Starting browser /usr/lib/firefox/firefox.sh with args ["-marionette"]
1493450423435	Marionette	INFO	Listening on port 38877
1493450423670	Marionette	WARN	TLS certificate errors will be ignored for this session
1493450429040	Marionette	INFO	New connections will no longer be accepted
[Child 14254] WARNING: pipe error (14): Connection reset by peer: file /build/firefox-4Fdt0Z/firefox-53.0+build6/ipc/chromium/src/chrome/common/ipc_channel_posix.cc, line 346
[Child 14254] WARNING: pipe error (3): Connection reset by peer: file /build/firefox-4Fdt0Z/firefox-53.0+build6/ipc/chromium/src/chrome/common/ipc_channel_posix.cc, line 346
1493450509121	geckodriver	INFO	Listening on 127.0.0.1:44685
1493450510238	geckodriver::marionette	INFO	Starting browser /usr/lib/firefox/firefox.sh with args ["-marionette"]
1493450513070	Marionette	INFO	Listening on port 33147
1493450513290	Marionette	WARN	TLS certificate errors will be ignored for this session
1493450549489	Marionette	INFO	New connections will no longer be accepted
[GFX1-]: Receive IPC close with reason=AbnormalShutdown
[Child 14631] WARNING: pipe error (3): Connection reset by peer: file /build/firefox-4Fdt0Z/firefox-53.0+build6/ipc/chromium/src/chrome/common/ipc_channel_posix.cc, line 346
1493450562262	geckodriver	INFO	Listening on 127.0.0.1:53401
1493450563323	geckodriver::marionette	INFO	Starting browser /usr/lib/firefox/firefox.sh with args ["-marionette"]
1493450566254	Marionette	INFO	Listening on port 36343
1493450566446	Marionette	WARN	TLS certificate errors will be ignored for this session
1493450602417	Marionette	INFO	New connections will no longer be accepted
[GFX1-]: Receive IPC close with reason=AbnormalShutdown
[Child 14745] WARNING: pipe error (3): Connection reset by peer: file /build/firefox-4Fdt0Z/firefox-53.0+build6/ipc/chromium/src/chrome/common/ipc_channel_posix.cc, line 346
1493450933473	geckodriver	INFO	Listening on 127.0.0.1:35763
1493450934608	geckodriver::marionette	INFO	Starting browser /usr/lib/firefox/firefox.sh with args ["-marionette"]
1493450937235	Marionette	INFO	Listening on port 45681
1493450937529	Marionette	WARN	TLS certificate errors will be ignored for this session
1493450972891	Marionette	INFO	New connections will no longer be accepted
[GFX1-]: Receive IPC close with reason=AbnormalShutdown
[Child 14942] WARNING: pipe error (3): Connection reset by peer: file /build/firefox-4Fdt0Z/firefox-53.0+build6/ipc/chromium/src/chrome/common/ipc_channel_posix.cc, line 346
1493451022069	geckodriver	INFO	Listening on 127.0.0.1:53769
1493451023219	geckodriver::marionette	INFO	Starting browser /usr/lib/firefox/firefox.sh with args ["-marionette"]
1493451025901	Marionette	INFO	Listening on port 36699
1493451026121	Marionette	WARN	TLS certificate errors will be ignored for this session
1493451063411	Marionette	INFO	New connections will no longer be accepted
[GFX1-]: Receive IPC close with reason=AbnormalShutdown
[Child 15078] WARNING: pipe error (3): Connection reset by peer: file /build/firefox-4Fdt0Z/firefox-53.0+build6/ipc/chromium/src/chrome/common/ipc_channel_posix.cc, line 346
1493451067689	geckodriver	INFO	Listening on 127.0.0.1:44501
1493451068748	geckodriver::marionette	INFO	Starting browser /usr/lib/firefox/firefox.sh with args ["-marionette"]
1493451071282	Marionette	INFO	Listening on port 41263
1493451071566	Marionette	WARN	TLS certificate errors will be ignored for this session
1493451107305	Marionette	INFO	New connections will no longer be accepted
[GFX1-]: Receive IPC close with reason=AbnormalShutdown
[Child 15196] WARNING: pipe error (3): Connection reset by peer: file /build/firefox-4Fdt0Z/firefox-53.0+build6/ipc/chromium/src/chrome/common/ipc_channel_posix.cc, line 346
1493451291003	geckodriver	INFO	Listening on 127.0.0.1:41251
1493451292086	geckodriver::marionette	INFO	Starting browser /usr/lib/firefox/firefox.sh with args ["-marionette"]
1493451294791	Marionette	INFO	Listening on port 37361
1493451294978	Marionette	WARN	TLS certificate errors will be ignored for this session
1493451332115	Marionette	INFO	New connections will no longer be accepted
[GFX1-]: Receive IPC close with reason=AbnormalShutdown
[Child 15363] WARNING: pipe error (3): Connection reset by peer: file /build/firefox-4Fdt0Z/firefox-53.0+build6/ipc/chromium/src/chrome/common/ipc_channel_posix.cc, line 346
1493451630491	geckodriver	INFO	Listening on 127.0.0.1:47453
1493451631562	geckodriver::marionette	INFO	Starting browser /usr/lib/firefox/firefox.sh with args ["-marionette"]
1493451634782	Marionette	INFO	Listening on port 36117
1493451635070	Marionette	WARN	TLS certificate errors will be ignored for this session
1493451671360	Marionette	INFO	New connections will no longer be accepted
[GFX1-]: Receive IPC close with reason=AbnormalShutdown
[Child 16037] WARNING: pipe error (3): Connection reset by peer: file /build/firefox-4Fdt0Z/firefox-53.0+build6/ipc/chromium/src/chrome/common/ipc_channel_posix.cc, line 346
1493451689304	geckodriver	INFO	Listening on 127.0.0.1:40975
1493451690394	geckodriver::marionette	INFO	Starting browser /usr/lib/firefox/firefox.sh with args ["-marionette"]
1493451693514	Marionette	INFO	Listening on port 39687
1493451693898	Marionette	WARN	TLS certificate errors will be ignored for this session
1493451730532	Marionette	INFO	New connections will no longer be accepted
[GFX1-]: Receive IPC close with reason=AbnormalShutdown
[Child 16167] WARNING: pipe error (3): Connection reset by peer: file /build/firefox-4Fdt0Z/firefox-53.0+build6/ipc/chromium/src/chrome/common/ipc_channel_posix.cc, line 346
1493451923582	geckodriver	INFO	Listening on 127.0.0.1:47347
1493451924663	geckodriver::marionette	INFO	Starting browser /usr/lib/firefox/firefox.sh with args ["-marionette"]
1493451927252	Marionette	INFO	Listening on port 37775
1493451927497	Marionette	WARN	TLS certificate errors will be ignored for this session
1493451933250	Marionette	INFO	New connections will no longer be accepted
[GFX1-]: Receive IPC close with reason=AbnormalShutdown
[Child 16319] WARNING: pipe error (29): Connection reset by peer: file /build/firefox-4Fdt0Z/firefox-53.0+build6/ipc/chromium/src/chrome/common/ipc_channel_posix.cc, line 346
[Child 16319] WARNING: pipe error (3): Connection reset by peer: file /build/firefox-4Fdt0Z/firefox-53.0+build6/ipc/chromium/src/chrome/common/ipc_channel_posix.cc, line 346
1493452193851	geckodriver	INFO	Listening on 127.0.0.1:51425
1493452194927	geckodriver::marionette	INFO	Starting browser /usr/lib/firefox/firefox.sh with args ["-marionette"]
1493452197347	Marionette	INFO	Listening on port 38023
1493452197666	Marionette	WARN	TLS certificate errors will be ignored for this session
1493452212816	Marionette	INFO	New connections will no longer be accepted
[GFX1-]: Receive IPC close with reason=AbnormalShutdown
[Child 16488] WARNING: pipe error (3): Connection reset by peer: file /build/firefox-4Fdt0Z/firefox-53.0+build6/ipc/chromium/src/chrome/common/ipc_channel_posix.cc, line 346
1493452795623	geckodriver	INFO	Listening on 127.0.0.1:35275
1493452796783	geckodriver::marionette	INFO	Starting browser /usr/lib/firefox/firefox.sh with args ["-marionette"]
1493452799304	Marionette	INFO	Listening on port 42949
1493452799574	Marionette	WARN	TLS certificate errors will be ignored for this session
1493452816636	Marionette	INFO	New connections will no longer be accepted
[GFX1-]: Receive IPC close with reason=AbnormalShutdown
[Child 16755] WARNING: pipe error (3): Connection reset by peer: file /build/firefox-4Fdt0Z/firefox-53.0+build6/ipc/chromium/src/chrome/common/ipc_channel_posix.cc, line 346
